{"message":{"message":"Cannot read property 'from' of undefined","error":{}},"timestamp":"2019-06-26T04:00:13.795Z","level":"error"}
{"message":{"message":"Cannot read property 'select' of undefined","error":{}},"timestamp":"2019-06-26T04:01:02.157Z","level":"error"}
{"message":{"message":"Cannot convert undefined or null to object","error":{}},"timestamp":"2019-06-27T22:27:34.487Z","level":"error"}
{"message":{"message":"Empty .update() call detected! Update data does not contain any values to update. This will result in a faulty query.","error":{}},"timestamp":"2019-06-27T22:28:00.278Z","level":"error"}
{"message":{"message":"Empty .update() call detected! Update data does not contain any values to update. This will result in a faulty query.","error":{}},"timestamp":"2019-06-27T22:29:03.085Z","level":"error"}
{"message":{"message":"Empty .update() call detected! Update data does not contain any values to update. This will result in a faulty query.","error":{}},"timestamp":"2019-06-27T22:32:13.589Z","level":"error"}
{"message":{"message":"Empty .update() call detected! Update data does not contain any values to update. This will result in a faulty query.","error":{}},"timestamp":"2019-06-27T22:36:50.947Z","level":"error"}
{"message":{"message":"newFolder.then is not a function","error":{}},"timestamp":"2019-06-27T22:42:24.240Z","level":"error"}
{"message":{"message":"insert into \"folders\" (\"0\", \"1\", \"10\", \"11\", \"12\", \"2\", \"3\", \"4\", \"5\", \"6\", \"7\", \"8\", \"9\") values ($1, $2, $3, $4, $5, $6, $7, $8, $9, $10, $11, $12, $13) returning * - column \"0\" of relation \"folders\" does not exist","error":{"name":"error","length":121,"severity":"ERROR","code":"42703","position":"24","file":"parse_target.c","line":"1033","routine":"checkInsertTargets"}},"timestamp":"2019-06-27T22:43:40.379Z","level":"error"}
{"message":{"message":"insert into \"notes\" (\"content\", \"folderId\", \"name\") values ($1, $2, $3) returning * - column \"folderId\" of relation \"notes\" does not exist","error":{"name":"error","length":126,"severity":"ERROR","code":"42703","position":"33","file":"parse_target.c","line":"1033","routine":"checkInsertTargets"}},"timestamp":"2019-06-28T03:43:22.392Z","level":"error"}
{"message":{"message":"FolderService.getFolderAndItsNotesById is not a function","error":{}},"timestamp":"2019-06-28T04:43:08.750Z","level":"error"}
{"message":{"message":"FolderService.getFolderAndItsNotesById(...).then is not a function","error":{}},"timestamp":"2019-06-28T04:43:36.339Z","level":"error"}
{"message":{"message":"folder is not defined","error":{}},"timestamp":"2019-06-28T04:52:10.847Z","level":"error"}
{"message":{"message":"folder is not defined","error":{}},"timestamp":"2019-06-28T04:53:57.345Z","level":"error"}
{"message":{"message":"folder is not defined","error":{}},"timestamp":"2019-06-28T04:54:01.697Z","level":"error"}
{"message":{"message":"folder is not defined","error":{}},"timestamp":"2019-06-28T04:55:26.342Z","level":"error"}
{"message":{"message":"folder is not defined","error":{}},"timestamp":"2019-06-28T04:59:30.266Z","level":"error"}
{"message":{"message":"folder is not defined","error":{}},"timestamp":"2019-06-28T04:59:38.193Z","level":"error"}
{"message":"Folder with id 3 not found","level":"error"}
{"message":"Unauthorized request to path: /api/note. API TOKEN: 1db06954-6279-447e-89aa-4dd7173ae4d4 and AUTH TOKEN: undefined","level":"error"}
{"message":"Unauthorized request to path: /api/folder. API TOKEN: 1db06954-6279-447e-89aa-4dd7173ae4d4 and AUTH TOKEN: undefined","level":"error"}
{"message":"Unauthorized request to path: /api/note. API TOKEN: 1db06954-6279-447e-89aa-4dd7173ae4d4 and AUTH TOKEN: undefined","level":"error"}
{"message":"Unauthorized request to path: /api/folder. API TOKEN: 1db06954-6279-447e-89aa-4dd7173ae4d4 and AUTH TOKEN: undefined","level":"error"}
{"message":"Unauthorized request to path: /api/note. API TOKEN: 1db06954-6279-447e-89aa-4dd7173ae4d4 and AUTH TOKEN: undefined","level":"error"}
{"message":"Unauthorized request to path: /api/folder. API TOKEN: 1db06954-6279-447e-89aa-4dd7173ae4d4 and AUTH TOKEN: undefined","level":"error"}
{"message":"Unauthorized request to path: /api/note. API TOKEN: 1db06954-6279-447e-89aa-4dd7173ae4d4 and AUTH TOKEN: undefined","level":"error"}
{"message":"Unauthorized request to path: /api/folder. API TOKEN: 1db06954-6279-447e-89aa-4dd7173ae4d4 and AUTH TOKEN: undefined","level":"error"}
{"message":"Unauthorized request to path: /api/note. API TOKEN: 1db06954-6279-447e-89aa-4dd7173ae4d4 and AUTH TOKEN: undefined","level":"error"}
{"message":"Unauthorized request to path: /api/folder. API TOKEN: 1db06954-6279-447e-89aa-4dd7173ae4d4 and AUTH TOKEN: undefined","level":"error"}
{"message":{"message":"insert into \"folders\" (\"0\", \"1\", \"10\", \"11\", \"12\", \"13\", \"14\", \"15\", \"2\", \"3\", \"4\", \"5\", \"6\", \"7\", \"8\", \"9\") values ($1, $2, $3, $4, $5, $6, $7, $8, $9, $10, $11, $12, $13, $14, $15, $16) returning * - column \"0\" of relation \"folders\" does not exist","error":{"name":"error","length":121,"severity":"ERROR","code":"42703","position":"24","file":"parse_target.c","line":"1033","routine":"checkInsertTargets"}},"timestamp":"2019-07-02T02:44:20.682Z","level":"error"}
{"message":{"message":"insert into \"folders\" (\"0\", \"1\", \"10\", \"11\", \"12\", \"13\", \"2\", \"3\", \"4\", \"5\", \"6\", \"7\", \"8\", \"9\") values ($1, $2, $3, $4, $5, $6, $7, $8, $9, $10, $11, $12, $13, $14) returning * - column \"0\" of relation \"folders\" does not exist","error":{"name":"error","length":121,"severity":"ERROR","code":"42703","position":"24","file":"parse_target.c","line":"1033","routine":"checkInsertTargets"}},"timestamp":"2019-07-02T02:47:11.138Z","level":"error"}
{"message":{"message":"insert into \"folders\" (\"0\", \"1\", \"10\", \"11\", \"12\", \"13\", \"2\", \"3\", \"4\", \"5\", \"6\", \"7\", \"8\", \"9\") values ($1, $2, $3, $4, $5, $6, $7, $8, $9, $10, $11, $12, $13, $14) returning * - column \"0\" of relation \"folders\" does not exist","error":{"name":"error","length":121,"severity":"ERROR","code":"42703","position":"24","file":"parse_target.c","line":"1033","routine":"checkInsertTargets"}},"timestamp":"2019-07-02T02:48:17.232Z","level":"error"}
{"message":{"message":"insert into \"folders\" (\"newFolder\") values ($1) returning * - column \"newFolder\" of relation \"folders\" does not exist","error":{"name":"error","length":129,"severity":"ERROR","code":"42703","position":"24","file":"parse_target.c","line":"1033","routine":"checkInsertTargets"}},"timestamp":"2019-07-02T02:50:06.500Z","level":"error"}
{"message":{"message":"insert into \"folders\" (\"name\") values ($1) returning * - duplicate key value violates unique constraint \"folders_pkey\"","error":{"name":"error","length":187,"severity":"ERROR","code":"23505","detail":"Key (id)=(15) already exists.","schema":"public","table":"folders","constraint":"folders_pkey","file":"nbtinsert.c","line":"535","routine":"_bt_check_unique"}},"timestamp":"2019-07-02T02:50:36.169Z","level":"error"}
{"message":{"message":"insert into \"folders\" (\"0\", \"1\", \"10\", \"11\", \"12\", \"13\", \"2\", \"3\", \"4\", \"5\", \"6\", \"7\", \"8\", \"9\") values ($1, $2, $3, $4, $5, $6, $7, $8, $9, $10, $11, $12, $13, $14) returning * - column \"0\" of relation \"folders\" does not exist","error":{"name":"error","length":121,"severity":"ERROR","code":"42703","position":"24","file":"parse_target.c","line":"1033","routine":"checkInsertTargets"}},"timestamp":"2019-07-02T02:51:21.280Z","level":"error"}
{"message":{"message":"insert into \"folders\" (\"0\", \"1\", \"10\", \"11\", \"12\", \"13\", \"2\", \"3\", \"4\", \"5\", \"6\", \"7\", \"8\", \"9\") values ($1, $2, $3, $4, $5, $6, $7, $8, $9, $10, $11, $12, $13, $14) returning * - column \"0\" of relation \"folders\" does not exist","error":{"name":"error","length":121,"severity":"ERROR","code":"42703","position":"24","file":"parse_target.c","line":"1033","routine":"checkInsertTargets"}},"timestamp":"2019-07-02T02:52:14.583Z","level":"error"}
{"message":{"message":"Empty .update() call detected! Update data does not contain any values to update. This will result in a faulty query.","error":{}},"timestamp":"2019-07-03T01:04:01.944Z","level":"error"}
{"message":{"message":"update \"folders\" set \"newFolderName\" = $1 where \"id\" = $2 returning * - column \"newFolderName\" of relation \"folders\" does not exist","error":{"name":"error","length":135,"severity":"ERROR","code":"42703","position":"22","file":"analyze.c","line":"2346","routine":"transformUpdateTargetList"}},"timestamp":"2019-07-03T01:04:45.039Z","level":"error"}
